#
# There is insufficient memory for the Java Runtime Environment to continue.
# Native memory allocation (malloc) failed to allocate 131088 bytes for Chunk::new
# Possible reasons:
#   The system is out of physical RAM or swap space
#   In 32 bit mode, the process size limit was hit
# Possible solutions:
#   Reduce memory load on the system
#   Increase physical memory or swap space
#   Check if swap backing store is full
#   Use 64 bit Java on a 64 bit OS
#   Decrease Java heap size (-Xmx/-Xms)
#   Decrease number of Java threads
#   Decrease Java thread stack sizes (-Xss)
#   Set larger code cache with -XX:ReservedCodeCacheSize=
# This output file may be truncated or incomplete.
#
#  Out of Memory Error (allocation.cpp:390), pid=5428, tid=0x0000000000001de8
#
# JRE version: OpenJDK Runtime Environment (8.0_76-b03) (build 1.8.0_76-release-b03)
# Java VM: OpenJDK 64-Bit Server VM (25.76-b03 mixed mode windows-amd64 compressed oops)
# Failed to write core dump. Minidumps are not enabled by default on client versions of Windows
#

---------------  T H R E A D  ---------------

Current thread (0x000000001569c000):  JavaThread "C2 CompilerThread0" daemon [_thread_in_native, id=7656, stack(0x0000000016ce0000,0x0000000016de0000)]

Stack: [0x0000000016ce0000,0x0000000016de0000]
[error occurred during error reporting (printing stack bounds), id 0xc0000005]

Native frames: (J=compiled Java code, j=interpreted, Vv=VM code, C=native code)


Current CompileTask:
C2:  13813 2319   !   4       com.android.dx.cf.code.BytecodeArray::parseInstruction (2764 bytes)


---------------  P R O C E S S  ---------------

Java Threads: ( => current thread )
  0x000000001724b800 JavaThread "pool-2-thread-4" [_thread_in_Java, id=3396, stack(0x00000000179e0000,0x0000000017ae0000)]
  0x000000001724a000 JavaThread "pool-2-thread-3" [_thread_in_Java, id=4668, stack(0x00000000178e0000,0x00000000179e0000)]
  0x0000000017249800 JavaThread "pool-2-thread-2" [_thread_in_Java, id=13204, stack(0x00000000177e0000,0x00000000178e0000)]
  0x0000000017243800 JavaThread "pool-3-thread-1" [_thread_blocked, id=7212, stack(0x00000000176e0000,0x00000000177e0000)]
  0x000000001723c800 JavaThread "pool-2-thread-1" [_thread_in_Java, id=5924, stack(0x00000000175e0000,0x00000000176e0000)]
  0x0000000016fe2800 JavaThread "Service Thread" daemon [_thread_blocked, id=12260, stack(0x00000000173e0000,0x00000000174e0000)]
  0x00000000156fb800 JavaThread "C1 CompilerThread2" daemon [_thread_blocked, id=6608, stack(0x0000000016ee0000,0x0000000016fe0000)]
  0x00000000156ed000 JavaThread "C2 CompilerThread1" daemon [_thread_in_native, id=8312, stack(0x0000000016de0000,0x0000000016ee0000)]
=>0x000000001569c000 JavaThread "C2 CompilerThread0" daemon [_thread_in_native, id=7656, stack(0x0000000016ce0000,0x0000000016de0000)]
  0x000000001569a000 JavaThread "Attach Listener" daemon [_thread_blocked, id=864, stack(0x0000000016be0000,0x0000000016ce0000)]
  0x0000000015698800 JavaThread "Signal Dispatcher" daemon [_thread_blocked, id=9600, stack(0x0000000016ae0000,0x0000000016be0000)]
  0x0000000015688800 JavaThread "Finalizer" daemon [_thread_blocked, id=11952, stack(0x00000000168f0000,0x00000000169f0000)]
  0x0000000002fbf000 JavaThread "Reference Handler" daemon [_thread_blocked, id=9536, stack(0x00000000167f0000,0x00000000168f0000)]
  0x0000000002ed0800 JavaThread "main" [_thread_in_Java, id=1792, stack(0x0000000002cd0000,0x0000000002dd0000)]

Other Threads:
  0x0000000015664800 VMThread [stack: 0x00000000166f0000,0x00000000167f0000] [id=12188]
  0x0000000016fe4000 WatcherThread [stack: 0x00000000174e0000,0x00000000175e0000] [id=14076]

VM state:not at safepoint (normal execution)

VM Mutex/Monitor currently owned by a thread: None

Heap:
 PSYoungGen      total 145920K, used 82514K [0x00000000eab00000, 0x00000000fdd00000, 0x0000000100000000)
  eden space 128512K, 57% used [0x00000000eab00000,0x00000000ef3b4290,0x00000000f2880000)
  from space 17408K, 46% used [0x00000000f2880000,0x00000000f30608e8,0x00000000f3980000)
  to   space 28160K, 0% used [0x00000000fc180000,0x00000000fc180000,0x00000000fdd00000)
 ParOldGen       total 44032K, used 43713K [0x00000000c0000000, 0x00000000c2b00000, 0x00000000eab00000)
  object space 44032K, 99% used [0x00000000c0000000,0x00000000c2ab0600,0x00000000c2b00000)
 Metaspace       used 6489K, capacity 7218K, committed 7296K, reserved 1056768K
  class space    used 598K, capacity 618K, committed 640K, reserved 1048576K

Card table byte_map: [0x0000000012390000,0x00000000125a0000] byte_map_base: 0x0000000011d90000

Marking Bits: (ParMarkBitMap*) 0x0000000064ea9d00
 Begin Bits: [0x0000000012b00000, 0x0000000013b00000)
 End Bits:   [0x0000000013b00000, 0x0000000014b00000)

Polling page: 0x00000000014a0000

CodeCache: size=245760Kb used=10883Kb max_used=10888Kb free=234876Kb
 bounds [0x0000000002fd0000, 0x0000000003a80000, 0x0000000011fd0000]
 total_blobs=2421 nmethods=2152 adapters=182
 compilation: enabled

Compilation events (10 events):
Event: 13.741 Thread 0x00000000156fb800 2327       2       com.android.dx.dex.file.AnnotationUtils::makeCstArray (57 bytes)
Event: 13.743 Thread 0x00000000156fb800 nmethod 2327 0x0000000003a78350 code [0x0000000003a78540, 0x0000000003a78c58]
Event: 13.746 Thread 0x00000000156fb800 2328       2       com.android.dx.cf.direct.AnnotationParser::parseAnnotations (143 bytes)
Event: 13.747 Thread 0x00000000156fb800 nmethod 2328 0x0000000003a77090 code [0x0000000003a772e0, 0x0000000003a77ba8]
Event: 13.758 Thread 0x00000000156fb800 2329       2       java.util.TimSort::binarySort (223 bytes)
Event: 13.758 Thread 0x00000000156fb800 nmethod 2329 0x0000000003a45c10 code [0x0000000003a45dc0, 0x0000000003a46398]
Event: 13.758 Thread 0x00000000156fb800 2330       2       com.android.dx.rop.code.Rop::<init> (15 bytes)
Event: 13.759 Thread 0x00000000156fb800 nmethod 2330 0x0000000003a2e990 code [0x0000000003a2eb00, 0x0000000003a2eca8]
Event: 13.764 Thread 0x00000000156fb800 2331       2       com.android.dx.ssa.DeadCodeRemover$NoSideEffectVisitor::visitMoveInsn (22 bytes)
Event: 13.764 Thread 0x00000000156fb800 nmethod 2331 0x0000000003a76b90 code [0x0000000003a76d00, 0x0000000003a76ef8]

GC Heap History (10 events):
Event: 6.927 GC heap before
{Heap before GC invocations=4 (full 0):
 PSYoungGen      total 35328K, used 35326K [0x00000000eab00000, 0x00000000ef000000, 0x0000000100000000)
  eden space 32768K, 100% used [0x00000000eab00000,0x00000000ecb00000,0x00000000ecb00000)
  from space 2560K, 99% used [0x00000000ecb00000,0x00000000ecd7fb48,0x00000000ecd80000)
  to   space 2560K, 0% used [0x00000000eed80000,0x00000000eed80000,0x00000000ef000000)
 ParOldGen       total 44032K, used 6908K [0x00000000c0000000, 0x00000000c2b00000, 0x00000000eab00000)
  object space 44032K, 15% used [0x00000000c0000000,0x00000000c06bf288,0x00000000c2b00000)
 Metaspace       used 6188K, capacity 7088K, committed 7296K, reserved 1056768K
  class space    used 579K, capacity 616K, committed 640K, reserved 1048576K
Event: 7.118 GC heap after
Heap after GC invocations=4 (full 0):
 PSYoungGen      total 68096K, used 2559K [0x00000000eab00000, 0x00000000ef000000, 0x0000000100000000)
  eden space 65536K, 0% used [0x00000000eab00000,0x00000000eab00000,0x00000000eeb00000)
  from space 2560K, 99% used [0x00000000eed80000,0x00000000eefffe88,0x00000000ef000000)
  to   space 2560K, 0% used [0x00000000eeb00000,0x00000000eeb00000,0x00000000eed80000)
 ParOldGen       total 44032K, used 12412K [0x00000000c0000000, 0x00000000c2b00000, 0x00000000eab00000)
  object space 44032K, 28% used [0x00000000c0000000,0x00000000c0c1f268,0x00000000c2b00000)
 Metaspace       used 6188K, capacity 7088K, committed 7296K, reserved 1056768K
  class space    used 579K, capacity 616K, committed 640K, reserved 1048576K
}
Event: 8.490 GC heap before
{Heap before GC invocations=5 (full 0):
 PSYoungGen      total 68096K, used 68095K [0x00000000eab00000, 0x00000000ef000000, 0x0000000100000000)
  eden space 65536K, 100% used [0x00000000eab00000,0x00000000eeb00000,0x00000000eeb00000)
  from space 2560K, 99% used [0x00000000eed80000,0x00000000eefffe88,0x00000000ef000000)
  to   space 2560K, 0% used [0x00000000eeb00000,0x00000000eeb00000,0x00000000eed80000)
 ParOldGen       total 44032K, used 12412K [0x00000000c0000000, 0x00000000c2b00000, 0x00000000eab00000)
  object space 44032K, 28% used [0x00000000c0000000,0x00000000c0c1f268,0x00000000c2b00000)
 Metaspace       used 6240K, capacity 7152K, committed 7296K, reserved 1056768K
  class space    used 579K, capacity 616K, committed 640K, reserved 1048576K
Event: 8.607 GC heap after
Heap after GC invocations=5 (full 0):
 PSYoungGen      total 68096K, used 2556K [0x00000000eab00000, 0x00000000f4800000, 0x0000000100000000)
  eden space 65536K, 0% used [0x00000000eab00000,0x00000000eab00000,0x00000000eeb00000)
  from space 2560K, 99% used [0x00000000eeb00000,0x00000000eed7f218,0x00000000eed80000)
  to   space 14848K, 0% used [0x00000000f3980000,0x00000000f3980000,0x00000000f4800000)
 ParOldGen       total 44032K, used 22943K [0x00000000c0000000, 0x00000000c2b00000, 0x00000000eab00000)
  object space 44032K, 52% used [0x00000000c0000000,0x00000000c1667f88,0x00000000c2b00000)
 Metaspace       used 6240K, capacity 7152K, committed 7296K, reserved 1056768K
  class space    used 579K, capacity 616K, committed 640K, reserved 1048576K
}
Event: 9.889 GC heap before
{Heap before GC invocations=6 (full 0):
 PSYoungGen      total 68096K, used 68092K [0x00000000eab00000, 0x00000000f4800000, 0x0000000100000000)
  eden space 65536K, 100% used [0x00000000eab00000,0x00000000eeb00000,0x00000000eeb00000)
  from space 2560K, 99% used [0x00000000eeb00000,0x00000000eed7f218,0x00000000eed80000)
  to   space 14848K, 0% used [0x00000000f3980000,0x00000000f3980000,0x00000000f4800000)
 ParOldGen       total 44032K, used 22943K [0x00000000c0000000, 0x00000000c2b00000, 0x00000000eab00000)
  object space 44032K, 52% used [0x00000000c0000000,0x00000000c1667f88,0x00000000c2b00000)
 Metaspace       used 6330K, capacity 7152K, committed 7296K, reserved 1056768K
  class space    used 579K, capacity 616K, committed 640K, reserved 1048576K
Event: 10.040 GC heap after
Heap after GC invocations=6 (full 0):
 PSYoungGen      total 143360K, used 13088K [0x00000000eab00000, 0x00000000f4d00000, 0x0000000100000000)
  eden space 128512K, 0% used [0x00000000eab00000,0x00000000eab00000,0x00000000f2880000)
  from space 14848K, 88% used [0x00000000f3980000,0x00000000f4648380,0x00000000f4800000)
  to   space 17408K, 0% used [0x00000000f2880000,0x00000000f2880000,0x00000000f3980000)
 ParOldGen       total 44032K, used 22943K [0x00000000c0000000, 0x00000000c2b00000, 0x00000000eab00000)
  object space 44032K, 52% used [0x00000000c0000000,0x00000000c1667f88,0x00000000c2b00000)
 Metaspace       used 6330K, capacity 7152K, committed 7296K, reserved 1056768K
  class space    used 579K, capacity 616K, committed 640K, reserved 1048576K
}
Event: 11.305 GC heap before
{Heap before GC invocations=7 (full 0):
 PSYoungGen      total 143360K, used 141600K [0x00000000eab00000, 0x00000000f4d00000, 0x0000000100000000)
  eden space 128512K, 100% used [0x00000000eab00000,0x00000000f2880000,0x00000000f2880000)
  from space 14848K, 88% used [0x00000000f3980000,0x00000000f4648380,0x00000000f4800000)
  to   space 17408K, 0% used [0x00000000f2880000,0x00000000f2880000,0x00000000f3980000)
 ParOldGen       total 44032K, used 22943K [0x00000000c0000000, 0x00000000c2b00000, 0x00000000eab00000)
  object space 44032K, 52% used [0x00000000c0000000,0x00000000c1667f88,0x00000000c2b00000)
 Metaspace       used 6393K, capacity 7216K, committed 7296K, reserved 1056768K
  class space    used 579K, capacity 616K, committed 640K, reserved 1048576K
Event: 11.420 GC heap after
Heap after GC invocations=7 (full 0):
 PSYoungGen      total 145920K, used 17398K [0x00000000eab00000, 0x00000000fdd00000, 0x0000000100000000)
  eden space 128512K, 0% used [0x00000000eab00000,0x00000000eab00000,0x00000000f2880000)
  from space 17408K, 99% used [0x00000000f2880000,0x00000000f397daa0,0x00000000f3980000)
  to   space 28160K, 0% used [0x00000000fc180000,0x00000000fc180000,0x00000000fdd00000)
 ParOldGen       total 44032K, used 38167K [0x00000000c0000000, 0x00000000c2b00000, 0x00000000eab00000)
  object space 44032K, 86% used [0x00000000c0000000,0x00000000c2545e98,0x00000000c2b00000)
 Metaspace       used 6393K, capacity 7216K, committed 7296K, reserved 1056768K
  class space    used 579K, capacity 616K, committed 640K, reserved 1048576K
}
Event: 11.420 GC heap before
{Heap before GC invocations=8 (full 1):
 PSYoungGen      total 145920K, used 17398K [0x00000000eab00000, 0x00000000fdd00000, 0x0000000100000000)
  eden space 128512K, 0% used [0x00000000eab00000,0x00000000eab00000,0x00000000f2880000)
  from space 17408K, 99% used [0x00000000f2880000,0x00000000f397daa0,0x00000000f3980000)
  to   space 28160K, 0% used [0x00000000fc180000,0x00000000fc180000,0x00000000fdd00000)
 ParOldGen       total 44032K, used 38167K [0x00000000c0000000, 0x00000000c2b00000, 0x00000000eab00000)
  object space 44032K, 86% used [0x00000000c0000000,0x00000000c2545e98,0x00000000c2b00000)
 Metaspace       used 6393K, capacity 7216K, committed 7296K, reserved 1056768K
  class space    used 579K, capacity 616K, committed 640K, reserved 1048576K
Event: 12.549 GC heap after
Heap after GC invocations=8 (full 1):
 PSYoungGen      total 145920K, used 8066K [0x00000000eab00000, 0x00000000fdd00000, 0x0000000100000000)
  eden space 128512K, 0% used [0x00000000eab00000,0x00000000eab00000,0x00000000f2880000)
  from space 17408K, 46% used [0x00000000f2880000,0x00000000f30608e8,0x00000000f3980000)
  to   space 28160K, 0% used [0x00000000fc180000,0x00000000fc180000,0x00000000fdd00000)
 ParOldGen       total 44032K, used 43713K [0x00000000c0000000, 0x00000000c2b00000, 0x00000000eab00000)
  object space 44032K, 99% used [0x00000000c0000000,0x00000000c2ab0600,0x00000000c2b00000)
 Metaspace       used 6393K, capacity 7216K, committed 7296K, reserved 1056768K
  class space    used 579K, capacity 616K, committed 640K, reserved 1048576K
}

Deoptimization events (10 events):
Event: 10.826 Thread 0x0000000017249800 Uncommon trap: reason=unstable_if action=reinterpret pc=0x0000000003825e04 method=java.util.HashMap.putVal(ILjava/lang/Object;Ljava/lang/Object;ZZ)Ljava/lang/Object; @ 94
Event: 10.828 Thread 0x000000001724a000 Uncommon trap: reason=bimorphic action=maybe_recompile pc=0x00000000037b31e4 method=com.android.dx.ssa.LiteralOpUpgrader.tryReplacingWithConstant(Lcom/android/dx/ssa/NormalSsaInsn;)Z @ 62
Event: 11.034 Thread 0x0000000002ed0800 Uncommon trap: reason=class_check action=maybe_recompile pc=0x000000000399abe0 method=com.android.dx.cf.code.BytecodeArray.parseInstruction(ILcom/android/dx/cf/code/BytecodeArray$Visitor;)I @ 1003
Event: 11.035 Thread 0x0000000002ed0800 Uncommon trap: reason=class_check action=maybe_recompile pc=0x000000000399abe0 method=com.android.dx.cf.code.BytecodeArray.parseInstruction(ILcom/android/dx/cf/code/BytecodeArray$Visitor;)I @ 1003
Event: 11.223 Thread 0x000000001724a000 Uncommon trap: reason=unstable_if action=reinterpret pc=0x0000000003665040 method=java.util.HashMap.getNode(ILjava/lang/Object;)Ljava/util/HashMap$Node; @ 84
Event: 12.619 Thread 0x000000001723c800 Uncommon trap: reason=class_check action=maybe_recompile pc=0x00000000039e38e0 method=com.android.dx.cf.code.BytecodeArray.parseInstruction(ILcom/android/dx/cf/code/BytecodeArray$Visitor;)I @ 1915
Event: 13.162 Thread 0x0000000017249800 Uncommon trap: reason=class_check action=maybe_recompile pc=0x00000000039e38e0 method=com.android.dx.cf.code.BytecodeArray.parseInstruction(ILcom/android/dx/cf/code/BytecodeArray$Visitor;)I @ 1915
Event: 13.644 Thread 0x000000001723c800 Uncommon trap: reason=class_check action=maybe_recompile pc=0x0000000003a508cc method=com.android.dx.cf.code.BytecodeArray.parseInstruction(ILcom/android/dx/cf/code/BytecodeArray$Visitor;)I @ 2267
Event: 13.644 Thread 0x000000001723c800 Uncommon trap: reason=class_check action=maybe_recompile pc=0x0000000003a508cc method=com.android.dx.cf.code.BytecodeArray.parseInstruction(ILcom/android/dx/cf/code/BytecodeArray$Visitor;)I @ 2267
Event: 13.674 Thread 0x000000001724a000 Uncommon trap: reason=unstable_if action=reinterpret pc=0x00000000035209f8 method=java.util.HashMap.putVal(ILjava/lang/Object;Ljava/lang/Object;ZZ)Ljava/lang/Object; @ 162

Internal exceptions (7 events):
Event: 1.581 Thread 0x0000000002ed0800 Exception <a 'java/lang/NoSuchMethodError': Method sun.misc.Unsafe.defineClass(Ljava/lang/String;[BII)Ljava/lang/Class; name or signature does not match> (0x00000000eab07cc0) thrown at [C:\src\android\AOSP-openjdk\external\jetbrains\jdk\hotspot\src\share\v
Event: 1.581 Thread 0x0000000002ed0800 Exception <a 'java/lang/NoSuchMethodError': Method sun.misc.Unsafe.prefetchRead(Ljava/lang/Object;J)V name or signature does not match> (0x00000000eab07fa8) thrown at [C:\src\android\AOSP-openjdk\external\jetbrains\jdk\hotspot\src\share\vm\prims\jni.cpp, lX’rTšw@
Event: 4.867 Thread 0x0000000017249800 Implicit null exception at 0x00000000032e83a2 to 0x00000000032e84a9
Event: 9.436 Thread 0x0000000017249800 Implicit null exception at 0x00000000034ee3a9 to 0x00000000034efc0d
Event: 13.676 Thread 0x000000001724a000 Exception <a 'java/lang/ArrayIndexOutOfBoundsException': 18> (0x00000000ee01b818) thrown at [C:\src\android\AOSP-openjdk\external\jetbrains\jdk\hotspot\src\share\vm\interpreter\interpreterRuntime.cpp, line 366]
Event: 13.678 Thread 0x000000001724a000 Exception <a 'java/lang/ArrayIndexOutOfBoundsException'> (0x00000000ee01d398) thrown at [C:\src\android\AOSP-openjdk\external\jetbrains\jdk\hotspot\src\share\vm\runtime\sharedRuntime.cpp, line 605]
Event: 13.679 Thread 0x000000001724a000 Exception <a 'java/lang/ArrayIndexOutOfBoundsException'> (0x00000000ee01e680) thrown at [C:\src\android\AOSP-openjdk\external\jetbrains\jdk\hotspot\src\share\vm\runtime\sharedRuntime.cpp, line 605]

Events (10 events):
Event: 13.679 loading class java/lang/reflect/TypeVariable
Event: 13.679 loading class java/lang/reflect/TypeVariable done
Event: 13.679 loading class sun/reflect/generics/reflectiveObjects/TypeVariableImpl
Event: 13.679 loading class sun/reflect/generics/reflectiveObjects/LazyReflectiveObjectGenerator
Event: 13.679 loading class sun/reflect/generics/reflectiveObjects/LazyReflectiveObjectGenerator done
Event: 13.679 loading class sun/reflect/generics/reflectiveObjects/TypeVariableImpl done
Event: 13.699 Thread 0x0000000017249800 DEOPT PACKING pc=0x000000000349dffd sp=0x00000000178deaf0
Event: 13.699 Thread 0x0000000017249800 DEOPT UNPACKING pc=0x00000000030175bf sp=0x00000000178de828 mode 0
Event: 13.764 Thread 0x000000001723c800 DEOPT PACKING pc=0x0000000003460451 sp=0x00000000176de8a0
Event: 13.764 Thread 0x000000001723c800 DEOPT UNPACKING pc=0x00000000030175bf sp=0x00000000176de680 mode 0


Dynamic libraries:
0x00007ff7479c0000 - 0x00007ff7479f1000 	D:\Program Files\jre\bin\java.exe
0x00007ffd58210000 - 0x00007ffd583e1000 	C:\WINDOWS\SYSTEM32\ntdll.dll
0x00007ffd55860000 - 0x00007ffd5590b000 	C:\WINDOWS\System32\KERNEL32.DLL
0x00007ffd549b0000 - 0x00007ffd54bcd000 	C:\WINDOWS\System32\KERNELBASE.dll
0x00007ffd557a0000 - 0x00007ffd55842000 	C:\WINDOWS\System32\ADVAPI32.dll
0x00007ffd56290000 - 0x00007ffd5632e000 	C:\WINDOWS\System32\msvcrt.dll
0x00007ffd559f0000 - 0x00007ffd55a49000 	C:\WINDOWS\System32\sechost.dll
0x00007ffd55a50000 - 0x00007ffd55b71000 	C:\WINDOWS\System32\RPCRT4.dll
0x00007ffd56330000 - 0x00007ffd56495000 	C:\WINDOWS\System32\USER32.dll
0x00007ffd54e20000 - 0x00007ffd54e3e000 	C:\WINDOWS\System32\win32u.dll
0x00007ffd57fa0000 - 0x00007ffd57fd4000 	C:\WINDOWS\System32\GDI32.dll
0x00007ffd54c90000 - 0x00007ffd54e12000 	C:\WINDOWS\System32\gdi32full.dll
0x00007ffd4a950000 - 0x00007ffd4abc9000 	C:\WINDOWS\WinSxS\amd64_microsoft.windows.common-controls_6595b64144ccf1df_6.0.14393.447_none_42191651c6827bb3\COMCTL32.dll
0x00007ffd56600000 - 0x00007ffd568c7000 	C:\WINDOWS\System32\combase.dll
0x00007ffd54800000 - 0x00007ffd548f5000 	C:\WINDOWS\System32\ucrtbase.dll
0x00007ffd54c20000 - 0x00007ffd54c8a000 	C:\WINDOWS\System32\bcryptPrimitives.dll
0x00007ffd568e0000 - 0x00007ffd5690e000 	C:\WINDOWS\System32\IMM32.DLL
0x0000000064610000 - 0x00000000646e2000 	D:\Program Files\jre\jre\bin\msvcr100.dll
0x00000000646f0000 - 0x0000000064f24000 	D:\Program Files\jre\jre\bin\server\jvm.dll
0x00007ffd568d0000 - 0x00007ffd568d8000 	C:\WINDOWS\System32\PSAPI.DLL
0x00007ffd42c70000 - 0x00007ffd42c79000 	C:\WINDOWS\SYSTEM32\WSOCK32.dll
0x00007ffd581a0000 - 0x00007ffd5820a000 	C:\WINDOWS\System32\WS2_32.dll
0x00007ffd52520000 - 0x00007ffd52543000 	C:\WINDOWS\SYSTEM32\WINMM.dll
0x00007ffd44110000 - 0x00007ffd4411a000 	C:\WINDOWS\SYSTEM32\VERSION.dll
0x00007ffd524f0000 - 0x00007ffd5251b000 	C:\WINDOWS\SYSTEM32\WINMMBASE.dll
0x00007ffd54bd0000 - 0x00007ffd54c12000 	C:\WINDOWS\System32\cfgmgr32.dll
0x00007ffd51510000 - 0x00007ffd5151f000 	D:\Program Files\jre\jre\bin\verify.dll
0x00007ffd48350000 - 0x00007ffd48379000 	D:\Program Files\jre\jre\bin\java.dll
0x00007ffd4a380000 - 0x00007ffd4a396000 	D:\Program Files\jre\jre\bin\zip.dll
0x00007ffd56a10000 - 0x00007ffd57f19000 	C:\WINDOWS\System32\SHELL32.dll
0x00007ffd550c0000 - 0x00007ffd5579a000 	C:\WINDOWS\System32\windows.storage.dll
0x00007ffd546a0000 - 0x00007ffd546ec000 	C:\WINDOWS\System32\powrprof.dll
0x00007ffd56910000 - 0x00007ffd56962000 	C:\WINDOWS\System32\shlwapi.dll
0x00007ffd546f0000 - 0x00007ffd546ff000 	C:\WINDOWS\System32\kernel.appcore.dll
0x00007ffd54900000 - 0x00007ffd549a9000 	C:\WINDOWS\System32\shcore.dll
0x00007ffd54680000 - 0x00007ffd54694000 	C:\WINDOWS\System32\profapi.dll

VM Arguments:
jvm_args: -Djava.awt.headless=true -Xmx1024M -Dfile.encoding=windows-1252 -Duser.country=IN -Duser.language=en -Duser.variant 
java_command: com.android.dx.command.Main --dex --force-jumbo --num-threads=4 --multi-dex --output C:\Users\Goodbox\AndroidStudioProjects\AndroidWatchFace\app\build\intermediates\transforms\dex\debug\folders\1000\10\com.android.support-support-v4-23.0.0_44c927992e6f43bc057501ced18f51b6fe288c22 C:\Users\Goodbox\AndroidStudioProjects\AndroidWatchFace\app\build\intermediates\exploded-aar\com.android.support\support-v4\23.0.0\jars\classes.jar
java_class_path (initial): C:\Users\Goodbox\AppData\Local\Android\Sdk\build-tools\25.0.2\lib\dx.jar
Launcher Type: SUN_STANDARD

Environment Variables:
JRE_HOME=D:\Program Files\jre
PATH=C:\WINDOWS\system32;C:\WINDOWS;C:\WINDOWS\System32\Wbem;C:\WINDOWS\System32\WindowsPowerShell\v1.0\;C:\Program Files\Intel\WiFi\bin\;C:\Program Files\Common Files\Intel\WirelessCommon\;C:\Program Files (x86)\Calibre2\;C:\Program Files (x86)\Windows Live\Shared;%JRE_HOME%\bin;%GRADLE_HOME%\bin;C:\Users\Goodbox\AppData\Local\Microsoft\WindowsApps;D:\Program Files\jre\bin;C:\gradle-3.2.1\bin
USERNAME=Goodbox
OS=Windows_NT
PROCESSOR_IDENTIFIER=Intel64 Family 6 Model 61 Stepping 4, GenuineIntel



---------------  S Y S T E M  ---------------

OS: Windows 10.0 , 64 bit Build 14393 (10.0.14393.0)

CPU:total 4 (2 cores per cpu, 2 threads per core) family 6 model 61 stepping 4, cmov, cx8, fxsr, mmx, sse, sse2, sse3, ssse3, sse4.1, sse4.2, popcnt, avx, avx2, aes, clmul, erms, 3dnowpref, lzcnt, ht, tsc, tscinvbit, bmi1, bmi2, adx

Memory: 4k page, physical 4096780k(363360k free), swap 11783432k(5176k free)

vm_info: OpenJDK 64-Bit Server VM (25.76-b03) for windows-amd64 JRE (1.8.0_76-release-b03), built on Jun 29 2016 19:09:20 by "ralucas" with MS VC++ 10.0 (VS2010)

time: Tue Dec 20 00:08:44 2016
elapsed time: 13 seconds (0d 0h 0m 13s)

